######## EXCEPTION: 0xC0000005 at address: 0x009CB182: ACCESS VIOLATION  read attempt to address 0x42E68B7C 
Version: Unknown Version
02/08/18 18:19:51


######## EXCEPTION: 0xC0000005 at address: 0x00001046: ACCESS VIOLATION 
Version: Unknown Version
02/08/18 18:35:32


######## EXCEPTION: 0xC0000005 at address: 0x009AB182: ACCESS VIOLATION  read attempt to address 0x56547B04 
Version: Unknown Version
02/09/18 21:53:09


######## EXCEPTION: 0xC0000005 at address: 0x0185B182: ACCESS VIOLATION  read attempt to address 0x7E48FAF4 
Version: Unknown Version
02/10/18 11:08:42


######## EXCEPTION: 0xC0000005 at address: 0x015FB182: ACCESS VIOLATION  read attempt to address 0x57CDCCDC 
Version: Unknown Version
03/03/18 00:18:08


######## EXCEPTION: 0xC0000005 at address: 0x01B6B182: ACCESS VIOLATION  read attempt to address 0x6EF84944 
Version: Unknown Version
03/24/18 08:30:20


######## EXCEPTION: 0xC0000005 at address: 0x00001046: ACCESS VIOLATION 
Version: Unknown Version
04/07/18 10:30:57


######## EXCEPTION: 0xC0000005 at address: 0x00ACB36A: ACCESS VIOLATION  read attempt to address 0x0000001D 
Version: Unknown Version
04/07/18 11:58:30


######## EXCEPTION: 0xC0000005 at address: 0x00ACB36A: ACCESS VIOLATION  read attempt to address 0x0000001D 
Version: Unknown Version
04/07/18 12:02:19


######## EXCEPTION: 0xC0000005 at address: 0x00ACB36A: ACCESS VIOLATION  read attempt to address 0x0000001D 
Version: Unknown Version
04/07/18 12:03:45


######## EXCEPTION: 0xC0000005 at address: 0x00ACB36A: ACCESS VIOLATION  read attempt to address 0x0000001D 
Version: Unknown Version
04/07/18 12:05:02


######## EXCEPTION: 0xC0000005 at address: 0x0100F870: ACCESS VIOLATION  read attempt to address 0x000001BC 
Version: Unknown Version
04/25/18 18:36:27


######## EXCEPTION: 0xC0000005 at address: 0x016010C6: ACCESS VIOLATION  read attempt to address 0x00000014 
Version: Unknown Version
04/25/18 19:27:48


######## EXCEPTION: 0xC0000005 at address: 0x00EB3FF9: ACCESS VIOLATION  read attempt to address 0x00000008 
Version: Unknown Version
06/03/18 15:35:31


######## EXCEPTION: 0xC0000005 at address: 0x01183FF9: ACCESS VIOLATION  read attempt to address 0x00000008 
Version: Unknown Version
06/18/18 23:45:48


######## EXCEPTION: 0xC0000005 at address: 0x013E4C49: ACCESS VIOLATION  read attempt to address 0x00000008 
Version: Unknown Version
07/04/18 00:53:59


######## EXCEPTION: 0xC0000005 at address: 0x013E4C49: ACCESS VIOLATION  read attempt to address 0x00000008 
Version: Unknown Version
07/04/18 00:58:46


######## EXCEPTION: 0xC0000005 at address: 0x00BE4C49: ACCESS VIOLATION  read attempt to address 0x00000008 
Version: Unknown Version
07/10/18 11:09:15


######## EXCEPTION: 0xC0000005 at address: 0x0126AF9E: ACCESS VIOLATION  read attempt to address 0x00000040 
Version: Unknown Version
07/17/18 09:27:48


######## EXCEPTION: 0xC0000005 at address: 0x0124635F: ACCESS VIOLATION  read attempt to address 0x0000000C 
Version: Unknown Version
07/24/18 22:13:17


######## EXCEPTION: 0xC0000005 at address: 0x00474C49: ACCESS VIOLATION  read attempt to address 0x00000008 
Version: Unknown Version
07/27/18 16:46:03


######## EXCEPTION: 0xC0000005 at address: 0x00BE4C49: ACCESS VIOLATION  read attempt to address 0x00000008 
Version: Unknown Version
07/29/18 12:50:39


######## EXCEPTION: 0xC0000005 at address: 0x00CEAF9E: ACCESS VIOLATION  read attempt to address 0x00000040 
Version: Unknown Version
08/09/18 14:39:43


######## EXCEPTION: 0xC0000005 at address: 0x0054AF9E: ACCESS VIOLATION  read attempt to address 0x00000040 
Version: Unknown Version
08/09/18 14:51:53


######## EXCEPTION: 0xC0000005 at address: 0x00E94C49: ACCESS VIOLATION  read attempt to address 0x00000008 
Version: Unknown Version
08/13/18 18:11:46


######## EXCEPTION: 0xC0000005 at address: 0x014F48F0: ACCESS VIOLATION  read attempt to address 0x00000080 
Version: Unknown Version
08/30/18 23:21:44


######## EXCEPTION: 0xC0000005 at address: 0x00F284C6: ACCESS VIOLATION  write attempt to address 0x00000444 
Version: Unknown Version
11/10/18 10:00:50


######## EXCEPTION: 0xC0000005 at address: 0x00D29BF0: ACCESS VIOLATION  read attempt to address 0x00000020 
Version: Unknown Version
12/17/18 22:42:40


######## EXCEPTION: 0xC0000005 at address: 0x00D29BF0: ACCESS VIOLATION  read attempt to address 0x00000020 
Version: Unknown Version
12/17/18 22:51:06


######## EXCEPTION: 0xC0000005 at address: 0x00B5FDB6: ACCESS VIOLATION  read attempt to address 0x000001E8 
Version: Unknown Version
12/26/18 10:48:49


######## EXCEPTION: 0xC0000005 at address: 0x005C4C49: ACCESS VIOLATION  read attempt to address 0x00000008 
Version: Unknown Version
12/27/18 21:14:06


######## EXCEPTION: 0xC0000005 at address: 0x005C4C49: ACCESS VIOLATION  read attempt to address 0x00000008 
Version: Unknown Version
12/27/18 21:18:51


######## EXCEPTION: 0xC0000005 at address: 0x0104511C: ACCESS VIOLATION  read attempt to address 0x00000218 
Version: Unknown Version
01/01/19 23:49:59


######## EXCEPTION: 0xC0000005 at address: 0x016A4996: ACCESS VIOLATION  read attempt to address 0x00000000 
Version: Unknown Version
03/09/19 19:20:30


######## EXCEPTION: 0xC0000005 at address: 0x016A4996: ACCESS VIOLATION  read attempt to address 0x00000000 
Version: Unknown Version
03/09/19 19:23:20


######## EXCEPTION: 0xC0000005 at address: 0x016A4996: ACCESS VIOLATION  read attempt to address 0x00000000 
Version: Unknown Version
03/09/19 20:37:17


######## EXCEPTION: 0xC0000005 at address: 0x016A4996: ACCESS VIOLATION  read attempt to address 0x00000000 
Version: Unknown Version
03/09/19 20:40:40


######## EXCEPTION: 0xC0000005 at address: 0x00D04996: ACCESS VIOLATION  read attempt to address 0x00000000 
Version: Unknown Version
03/09/19 20:50:01


######## EXCEPTION: 0xC0000005 at address: 0x00C56569: ACCESS VIOLATION  read attempt to address 0x00000020 
Version: Unknown Version
03/09/19 21:07:31


######## EXCEPTION: 0xC0000005 at address: 0x013333AE: ACCESS VIOLATION  read attempt to address 0x00000000 
Version: Unknown Version
04/28/19 22:03:02


######## EXCEPTION: 0xC0000005 at address: 0x013333AE: ACCESS VIOLATION  read attempt to address 0x00000000 
Version: Unknown Version
04/28/19 22:05:03


######## EXCEPTION: 0xC0000005 at address: 0x013333AE: ACCESS VIOLATION  read attempt to address 0x00000000 
Version: Unknown Version
04/28/19 22:11:55


######## EXCEPTION: 0xC0000005 at address: 0x013D33AE: ACCESS VIOLATION  read attempt to address 0x00000000 
Version: Unknown Version
04/28/19 22:36:48


######## EXCEPTION: 0xC0000005 at address: 0x019433AE: ACCESS VIOLATION  read attempt to address 0x00000000 
Version: Unknown Version
04/29/19 17:58:27


######## EXCEPTION: 0xC0000005 at address: 0x019433AE: ACCESS VIOLATION  read attempt to address 0x00000000 
Version: Unknown Version
04/29/19 17:59:59


######## EXCEPTION: 0xC0000005 at address: 0x019433AE: ACCESS VIOLATION  read attempt to address 0x00000000 
Version: Unknown Version
04/29/19 18:19:08


######## EXCEPTION: 0xC0000005 at address: 0x019433AE: ACCESS VIOLATION  read attempt to address 0x00000000 
Version: Unknown Version
04/29/19 18:20:36


######## EXCEPTION: 0xC0000005 at address: 0x019433AE: ACCESS VIOLATION  read attempt to address 0x00000000 
Version: Unknown Version
04/29/19 18:21:32


######## EXCEPTION: 0xC0000005 at address: 0x019433AE: ACCESS VIOLATION  read attempt to address 0x00000000 
Version: Unknown Version
04/29/19 18:24:20


######## EXCEPTION: 0xC0000005 at address: 0x00D2B1D0: ACCESS VIOLATION  read attempt to address 0x00000014 
Version: Unknown Version
04/29/19 18:46:30


######## EXCEPTION: 0xC0000005 at address: 0x00D2B1D0: ACCESS VIOLATION  read attempt to address 0x00000014 
Version: Unknown Version
04/29/19 18:49:51


######## EXCEPTION: 0xC0000005 at address: 0x00E12501: ACCESS VIOLATION  read attempt to address 0x000000A4 
Version: Unknown Version
06/02/19 14:57:28


######## EXCEPTION: 0xC0000005 at address: 0x0071CFD9: ACCESS VIOLATION  read attempt to address 0x0000009C 
Version: Unknown Version
06/08/19 20:09:41


######## EXCEPTION: 0xC0000005 at address: 0x00596569: ACCESS VIOLATION  read attempt to address 0x00000020 
Version: Unknown Version
06/08/19 20:15:04


######## EXCEPTION: 0xC0000005 at address: 0x006B2501: ACCESS VIOLATION  read attempt to address 0x000000A4 
Version: Unknown Version
06/10/19 21:30:25


######## EXCEPTION: 0xC0000005 at address: 0x006B2501: ACCESS VIOLATION  read attempt to address 0x000000A4 
Version: Unknown Version
06/10/19 21:55:49


######## EXCEPTION: 0xC0000005 at address: 0x006B2501: ACCESS VIOLATION  read attempt to address 0x000000A4 
Version: Unknown Version
06/10/19 21:57:50


######## EXCEPTION: 0xC0000005 at address: 0x006B2501: ACCESS VIOLATION  read attempt to address 0x000000A4 
Version: Unknown Version
06/10/19 21:59:25


######## EXCEPTION: 0xC0000005 at address: 0x006B2501: ACCESS VIOLATION  read attempt to address 0x000000A4 
Version: Unknown Version
06/10/19 22:02:37


######## EXCEPTION: 0xC0000005 at address: 0x006B2501: ACCESS VIOLATION  read attempt to address 0x000000A4 
Version: Unknown Version
06/10/19 22:06:35


######## EXCEPTION: 0xC0000005 at address: 0x006B2501: ACCESS VIOLATION  read attempt to address 0x000000A4 
Version: Unknown Version
06/10/19 22:24:32


######## EXCEPTION: 0xC0000005 at address: 0x01132501: ACCESS VIOLATION  read attempt to address 0x000000A4 
Version: Unknown Version
06/11/19 11:15:34


######## EXCEPTION: 0xC0000005 at address: 0x01132501: ACCESS VIOLATION  read attempt to address 0x000000A4 
Version: Unknown Version
06/11/19 11:43:14


######## EXCEPTION: 0xC0000005 at address: 0x01132501: ACCESS VIOLATION  read attempt to address 0x000000A4 
Version: Unknown Version
06/11/19 11:48:50


######## EXCEPTION: 0xC0000005 at address: 0x01132501: ACCESS VIOLATION  read attempt to address 0x000000A4 
Version: Unknown Version
06/11/19 11:50:11


